<?xml version="1.0" encoding="UTF-8"?>
<!-- Generated by org.testng.reporters.JUnitXMLReporter -->
<testsuite ignored="0" hostname="LAPTOP-TPUJHBBQ" failures="0" tests="3" name="Default test" time="17.294" errors="0" timestamp="2020-10-07T17:43:15 IST">
  <testcase classname="inventory.UnitsMeasureTest" name="Login" time="3.187"/>
  <testcase classname="inventory.UnitsMeasureTest" name="AddUnitofMeasure" time="4.295"/>
  <testcase classname="inventory.UnitsMeasureTest" name="Logout" time="0.688"/>
</testsuite> <!-- Default test -->
