<?xml version="1.0" encoding="UTF-8"?>
<!-- Generated by org.testng.reporters.JUnitXMLReporter -->
<testsuite ignored="0" hostname="LAPTOP-TPUJHBBQ" failures="0" tests="17" name="FrontAccounting" time="138.544" errors="0" timestamp="2020-10-08T18:16:23 IST">
  <testcase classname="inventory.InventoryLocationsTest" name="Login" time="3.634"/>
  <testcase classname="inventory.InventoryLocationsTest" name="Inventorylocation" time="7.287"/>
  <testcase classname="inventory.InventoryLocationsTest" name="Logout" time="0.426"/>
  <testcase classname="inventory.UnitsMeasureTest" name="Login" time="2.884"/>
  <testcase classname="inventory.UnitsMeasureTest" name="AddUnitofMeasure" time="5.118"/>
  <testcase classname="inventory.UnitsMeasureTest" name="Logout" time="0.421"/>
  <testcase classname="fmpack.LoginTest" name="Login" time="3.571"/>
  <testcase classname="fmpack.LoginTest" name="Login" time="12.488"/>
  <testcase classname="salespack.SalesAreasTest" name="Login" time="7.347"/>
  <testcase classname="salespack.SalesAreasTest" name="SalesArea" time="9.079"/>
  <testcase classname="salespack.SalesAreasTest" name="Logout" time="0.564"/>
  <testcase classname="salespack.SalespersonTest" name="Login" time="3.225"/>
  <testcase classname="salespack.SalespersonTest" name="AddSalesPersons" time="5.581"/>
  <testcase classname="salespack.SalespersonTest" name="Logout" time="0.412"/>
  <testcase classname="salespack.SalesTypeTest" name="Login" time="6.041"/>
  <testcase classname="salespack.SalesTypeTest" name="Addsalestype" time="10.482"/>
  <testcase classname="salespack.SalesTypeTest" name="Logout" time="3.546"/>
</testsuite> <!-- FrontAccounting -->
