<?xml version="1.0" encoding="UTF-8"?>
<!-- Generated by org.testng.reporters.JUnitXMLReporter -->
<testsuite ignored="0" hostname="LAPTOP-TPUJHBBQ" failures="0" tests="17" name="Test" time="142.614" errors="0" timestamp="2020-10-13T17:49:24 IST">
  <testcase classname="inventory.InventoryLocationsTest" name="Login" time="3.688"/>
  <testcase classname="inventory.InventoryLocationsTest" name="Inventorylocation" time="8.918"/>
  <testcase classname="inventory.InventoryLocationsTest" name="Logout" time="0.737"/>
  <testcase classname="inventory.UnitsMeasureTest" name="Login" time="2.086"/>
  <testcase classname="inventory.UnitsMeasureTest" name="AddUnitofMeasure" time="5.818"/>
  <testcase classname="inventory.UnitsMeasureTest" name="Logout" time="0.543"/>
  <testcase classname="fmpack.LoginTest" name="Login" time="3.836"/>
  <testcase classname="fmpack.LoginTest" name="Login" time="12.843"/>
  <testcase classname="salespack.SalesAreasTest" name="Login" time="4.784"/>
  <testcase classname="salespack.SalesAreasTest" name="SalesArea" time="9.102"/>
  <testcase classname="salespack.SalesAreasTest" name="Logout" time="0.642"/>
  <testcase classname="salespack.SalespersonTest" name="Login" time="1.575"/>
  <testcase classname="salespack.SalespersonTest" name="AddSalesPersons" time="7.24"/>
  <testcase classname="salespack.SalespersonTest" name="Logout" time="0.377"/>
  <testcase classname="salespack.SalesTypeTest" name="Login" time="4.752"/>
  <testcase classname="salespack.SalesTypeTest" name="Addsalestype" time="10.97"/>
  <testcase classname="salespack.SalesTypeTest" name="Logout" time="3.487"/>
</testsuite> <!-- Test -->
