<?xml version="1.0" encoding="UTF-8"?>
<testng-results ignored="0" total="17" passed="16" failed="1" skipped="0">
  <reporter-output>
  </reporter-output>
  <suite started-at="2020-10-09T18:46:17 IST" name="Suite" finished-at="2020-10-09T18:47:05 IST" duration-ms="48382">
    <groups>
    </groups>
    <test started-at="2020-10-09T18:46:17 IST" name="Test" finished-at="2020-10-09T18:47:05 IST" duration-ms="48382">
      <class name="salespack.SalesTypeTest">
        <test-method is-config="true" signature="Launchapplication()[pri:0, instance:salespack.SalesTypeTest@68f1b17f]" started-at="2020-10-09T18:46:27 IST" name="Launchapplication" finished-at="2020-10-09T18:46:35 IST" duration-ms="7859" status="PASS">
          <reporter-output>
          </reporter-output>
        </test-method> <!-- Launchapplication -->
        <test-method signature="Login()[pri:1, instance:salespack.SalesTypeTest@68f1b17f]" started-at="2020-10-09T18:46:35 IST" name="Login" finished-at="2020-10-09T18:46:40 IST" duration-ms="5151" status="PASS">
          <reporter-output>
          </reporter-output>
        </test-method> <!-- Login -->
        <test-method signature="Addsalestype()[pri:2, instance:salespack.SalesTypeTest@68f1b17f]" started-at="2020-10-09T18:46:35 IST" name="Addsalestype" finished-at="2020-10-09T18:46:45 IST" duration-ms="10611" status="PASS">
          <reporter-output>
          </reporter-output>
        </test-method> <!-- Addsalestype -->
        <test-method signature="Logout()[pri:3, instance:salespack.SalesTypeTest@68f1b17f]" started-at="2020-10-09T18:46:41 IST" name="Logout" finished-at="2020-10-09T18:46:45 IST" duration-ms="3498" status="PASS">
          <reporter-output>
          </reporter-output>
        </test-method> <!-- Logout -->
        <test-method is-config="true" signature="teardown()[pri:0, instance:salespack.SalesTypeTest@68f1b17f]" started-at="2020-10-09T18:46:45 IST" name="teardown" finished-at="2020-10-09T18:46:46 IST" duration-ms="173" status="PASS">
          <reporter-output>
          </reporter-output>
        </test-method> <!-- teardown -->
      </class> <!-- salespack.SalesTypeTest -->
      <class name="inventory.UnitsMeasureTest">
        <test-method is-config="true" signature="Launchapplication()[pri:0, instance:inventory.UnitsMeasureTest@2a3888c1]" started-at="2020-10-09T18:46:17 IST" name="Launchapplication" finished-at="2020-10-09T18:46:25 IST" duration-ms="8476" status="PASS">
          <reporter-output>
          </reporter-output>
        </test-method> <!-- Launchapplication -->
        <test-method signature="Login()[pri:1, instance:inventory.UnitsMeasureTest@2a3888c1]" started-at="2020-10-09T18:46:25 IST" name="Login" finished-at="2020-10-09T18:46:27 IST" duration-ms="1587" status="PASS">
          <reporter-output>
          </reporter-output>
        </test-method> <!-- Login -->
        <test-method signature="AddUnitofMeasure()[pri:2, instance:inventory.UnitsMeasureTest@2a3888c1]" started-at="2020-10-09T18:46:34 IST" name="AddUnitofMeasure" finished-at="2020-10-09T18:46:39 IST" duration-ms="5720" status="PASS">
          <reporter-output>
          </reporter-output>
        </test-method> <!-- AddUnitofMeasure -->
        <test-method signature="Logout()[pri:3, instance:inventory.UnitsMeasureTest@2a3888c1]" started-at="2020-10-09T18:46:45 IST" name="Logout" finished-at="2020-10-09T18:46:45 IST" duration-ms="533" status="PASS">
          <reporter-output>
          </reporter-output>
        </test-method> <!-- Logout -->
        <test-method is-config="true" signature="closure()[pri:0, instance:inventory.UnitsMeasureTest@2a3888c1]" started-at="2020-10-09T18:46:45 IST" name="closure" finished-at="2020-10-09T18:46:46 IST" duration-ms="136" status="PASS">
          <reporter-output>
          </reporter-output>
        </test-method> <!-- closure -->
      </class> <!-- inventory.UnitsMeasureTest -->
      <class name="fmpack.LoginTest">
        <test-method is-config="true" signature="Launchapplication()[pri:0, instance:fmpack.LoginTest@4167d97b]" started-at="2020-10-09T18:46:17 IST" name="Launchapplication" finished-at="2020-10-09T18:46:29 IST" duration-ms="12365" status="PASS">
          <reporter-output>
          </reporter-output>
        </test-method> <!-- Launchapplication -->
        <test-method signature="Login(java.lang.String, java.lang.String, java.lang.String)[pri:0, instance:fmpack.LoginTest@4167d97b]" started-at="2020-10-09T18:46:29 IST" name="Login" data-provider="logindata" finished-at="2020-10-09T18:46:43 IST" duration-ms="13757" status="PASS">
          <params>
            <param index="0">
              <value>
                <![CDATA[qaplanet1]]>
              </value>
            </param>
            <param index="1">
              <value>
                <![CDATA[lab1]]>
              </value>
            </param>
            <param index="2">
              <value>
                <![CDATA[Succesful]]>
              </value>
            </param>
          </params>
          <reporter-output>
          </reporter-output>
        </test-method> <!-- Login -->
        <test-method is-config="true" signature="teardown()[pri:0, instance:fmpack.LoginTest@4167d97b]" started-at="2020-10-09T18:46:43 IST" name="teardown" finished-at="2020-10-09T18:46:43 IST" duration-ms="78" status="PASS">
          <reporter-output>
          </reporter-output>
        </test-method> <!-- teardown -->
        <test-method is-config="true" signature="Launchapplication()[pri:0, instance:fmpack.LoginTest@4167d97b]" started-at="2020-10-09T18:46:43 IST" name="Launchapplication" finished-at="2020-10-09T18:46:53 IST" duration-ms="9537" status="PASS">
          <reporter-output>
          </reporter-output>
        </test-method> <!-- Launchapplication -->
        <test-method signature="Login(java.lang.String, java.lang.String, java.lang.String)[pri:0, instance:fmpack.LoginTest@4167d97b]" started-at="2020-10-09T18:46:53 IST" name="Login" data-provider="logindata" finished-at="2020-10-09T18:47:05 IST" duration-ms="12487" status="PASS">
          <params>
            <param index="0">
              <value>
                <![CDATA[qaplanet1]]>
              </value>
            </param>
            <param index="1">
              <value>
                <![CDATA[lab]]>
              </value>
            </param>
            <param index="2">
              <value>
                <![CDATA[failure]]>
              </value>
            </param>
          </params>
          <reporter-output>
          </reporter-output>
        </test-method> <!-- Login -->
        <test-method is-config="true" signature="teardown()[pri:0, instance:fmpack.LoginTest@4167d97b]" started-at="2020-10-09T18:47:05 IST" name="teardown" finished-at="2020-10-09T18:47:05 IST" duration-ms="118" status="PASS">
          <reporter-output>
          </reporter-output>
        </test-method> <!-- teardown -->
      </class> <!-- fmpack.LoginTest -->
      <class name="salespack.SalesAreasTest">
        <test-method is-config="true" signature="Launchapplication()[pri:0, instance:salespack.SalesAreasTest@14fa86ae]" started-at="2020-10-09T18:46:17 IST" name="Launchapplication" finished-at="2020-10-09T18:46:30 IST" duration-ms="13656" status="PASS">
          <reporter-output>
          </reporter-output>
        </test-method> <!-- Launchapplication -->
        <test-method signature="Login()[pri:1, instance:salespack.SalesAreasTest@14fa86ae]" started-at="2020-10-09T18:46:30 IST" name="Login" finished-at="2020-10-09T18:46:37 IST" duration-ms="6044" status="PASS">
          <reporter-output>
          </reporter-output>
        </test-method> <!-- Login -->
        <test-method signature="SalesArea()[pri:2, instance:salespack.SalesAreasTest@14fa86ae]" started-at="2020-10-09T18:46:39 IST" name="SalesArea" finished-at="2020-10-09T18:46:53 IST" duration-ms="13900" status="FAIL">
          <exception class="org.openqa.selenium.NoSuchElementException">
            <message>
              <![CDATA[no such element: Unable to locate element: {"method":"link text","selector":"Sales Areas"}
  (Session info: chrome=85.0.4183.121)
For documentation on this error, please visit: https://www.seleniumhq.org/exceptions/no_such_element.html
Build info: version: '3.141.59', revision: 'e82be7d358', time: '2018-11-14T08:17:03'
System info: host: 'LAPTOP-TPUJHBBQ', ip: '192.168.0.178', os.name: 'Windows 10', os.arch: 'amd64', os.version: '10.0', java.version: '11.0.8'
Driver info: org.openqa.selenium.chrome.ChromeDriver
Capabilities {acceptInsecureCerts: false, browserName: chrome, browserVersion: 85.0.4183.121, chrome: {chromedriverVersion: 85.0.4183.87 (cd6713ebf92fa..., userDataDir: C:\Users\CVVIVE~1\AppData\L...}, goog:chromeOptions: {debuggerAddress: localhost:59664}, javascriptEnabled: true, networkConnectionEnabled: false, pageLoadStrategy: normal, platform: WINDOWS, platformName: WINDOWS, proxy: Proxy(), setWindowRect: true, strictFileInteractability: false, timeouts: {implicit: 0, pageLoad: 300000, script: 30000}, unhandledPromptBehavior: dismiss and notify, webauthn:virtualAuthenticators: true}
Session ID: c944b8df3d891e965bc248f446c6e222
*** Element info: {Using=link text, value=Sales Areas}]]>
            </message>
            <full-stacktrace>
              <![CDATA[org.openqa.selenium.NoSuchElementException: no such element: Unable to locate element: {"method":"link text","selector":"Sales Areas"}
  (Session info: chrome=85.0.4183.121)
For documentation on this error, please visit: https://www.seleniumhq.org/exceptions/no_such_element.html
Build info: version: '3.141.59', revision: 'e82be7d358', time: '2018-11-14T08:17:03'
System info: host: 'LAPTOP-TPUJHBBQ', ip: '192.168.0.178', os.name: 'Windows 10', os.arch: 'amd64', os.version: '10.0', java.version: '11.0.8'
Driver info: org.openqa.selenium.chrome.ChromeDriver
Capabilities {acceptInsecureCerts: false, browserName: chrome, browserVersion: 85.0.4183.121, chrome: {chromedriverVersion: 85.0.4183.87 (cd6713ebf92fa..., userDataDir: C:\Users\CVVIVE~1\AppData\L...}, goog:chromeOptions: {debuggerAddress: localhost:59664}, javascriptEnabled: true, networkConnectionEnabled: false, pageLoadStrategy: normal, platform: WINDOWS, platformName: WINDOWS, proxy: Proxy(), setWindowRect: true, strictFileInteractability: false, timeouts: {implicit: 0, pageLoad: 300000, script: 30000}, unhandledPromptBehavior: dismiss and notify, webauthn:virtualAuthenticators: true}
Session ID: c944b8df3d891e965bc248f446c6e222
*** Element info: {Using=link text, value=Sales Areas}
at java.base/jdk.internal.reflect.NativeConstructorAccessorImpl.newInstance0(Native Method)
at java.base/jdk.internal.reflect.NativeConstructorAccessorImpl.newInstance(NativeConstructorAccessorImpl.java:62)
at java.base/jdk.internal.reflect.DelegatingConstructorAccessorImpl.newInstance(DelegatingConstructorAccessorImpl.java:45)
at java.base/java.lang.reflect.Constructor.newInstance(Constructor.java:490)
at org.openqa.selenium.remote.http.W3CHttpResponseCodec.createException(W3CHttpResponseCodec.java:187)
at org.openqa.selenium.remote.http.W3CHttpResponseCodec.decode(W3CHttpResponseCodec.java:122)
at org.openqa.selenium.remote.http.W3CHttpResponseCodec.decode(W3CHttpResponseCodec.java:49)
at org.openqa.selenium.remote.HttpCommandExecutor.execute(HttpCommandExecutor.java:158)
at org.openqa.selenium.remote.service.DriverCommandExecutor.execute(DriverCommandExecutor.java:83)
at org.openqa.selenium.remote.RemoteWebDriver.execute(RemoteWebDriver.java:552)
at org.openqa.selenium.remote.RemoteWebDriver.findElement(RemoteWebDriver.java:323)
at org.openqa.selenium.remote.RemoteWebDriver.findElementByLinkText(RemoteWebDriver.java:380)
at org.openqa.selenium.By$ByLinkText.findElement(By.java:220)
at org.openqa.selenium.remote.RemoteWebDriver.findElement(RemoteWebDriver.java:315)
at org.openqa.selenium.support.pagefactory.DefaultElementLocator.findElement(DefaultElementLocator.java:69)
at org.openqa.selenium.support.pagefactory.internal.LocatingElementHandler.invoke(LocatingElementHandler.java:38)
at com.sun.proxy.$Proxy13.click(Unknown Source)
at salespack.SalesAreasTest.SalesArea(SalesAreasTest.java:44)
at java.base/jdk.internal.reflect.NativeMethodAccessorImpl.invoke0(Native Method)
at java.base/jdk.internal.reflect.NativeMethodAccessorImpl.invoke(NativeMethodAccessorImpl.java:62)
at java.base/jdk.internal.reflect.DelegatingMethodAccessorImpl.invoke(DelegatingMethodAccessorImpl.java:43)
at java.base/java.lang.reflect.Method.invoke(Method.java:566)
at org.testng.internal.MethodInvocationHelper.invokeMethod(MethodInvocationHelper.java:132)
at org.testng.internal.TestInvoker.invokeMethod(TestInvoker.java:599)
at org.testng.internal.TestInvoker.invokeTestMethod(TestInvoker.java:174)
at org.testng.internal.MethodRunner.runInSequence(MethodRunner.java:46)
at org.testng.internal.TestInvoker$MethodInvocationAgent.invoke(TestInvoker.java:822)
at org.testng.internal.TestInvoker.invokeTestMethods(TestInvoker.java:147)
at org.testng.internal.TestMethodWorker.invokeTestMethods(TestMethodWorker.java:146)
at org.testng.internal.TestMethodWorker.run(TestMethodWorker.java:128)
at java.base/java.util.concurrent.ThreadPoolExecutor.runWorker(ThreadPoolExecutor.java:1128)
at java.base/java.util.concurrent.ThreadPoolExecutor$Worker.run(ThreadPoolExecutor.java:628)
at java.base/java.lang.Thread.run(Thread.java:834)
]]>
            </full-stacktrace>
          </exception> <!-- org.openqa.selenium.NoSuchElementException -->
          <reporter-output>
          </reporter-output>
        </test-method> <!-- SalesArea -->
        <test-method signature="Logout()[pri:3, instance:salespack.SalesAreasTest@14fa86ae]" started-at="2020-10-09T18:46:41 IST" name="Logout" finished-at="2020-10-09T18:46:41 IST" duration-ms="619" status="PASS">
          <reporter-output>
          </reporter-output>
        </test-method> <!-- Logout -->
        <test-method is-config="true" signature="closure()[pri:0, instance:salespack.SalesAreasTest@14fa86ae]" started-at="2020-10-09T18:46:54 IST" name="closure" finished-at="2020-10-09T18:46:54 IST" duration-ms="87" status="PASS">
          <reporter-output>
          </reporter-output>
        </test-method> <!-- closure -->
      </class> <!-- salespack.SalesAreasTest -->
      <class name="inventory.InventoryLocationsTest">
        <test-method is-config="true" signature="Launchapplication()[pri:0, instance:inventory.InventoryLocationsTest@58594a11]" started-at="2020-10-09T18:46:17 IST" name="Launchapplication" finished-at="2020-10-09T18:46:26 IST" duration-ms="9075" status="PASS">
          <reporter-output>
          </reporter-output>
        </test-method> <!-- Launchapplication -->
        <test-method signature="Login()[pri:1, instance:inventory.InventoryLocationsTest@58594a11]" started-at="2020-10-09T18:46:26 IST" name="Login" finished-at="2020-10-09T18:46:34 IST" duration-ms="7863" status="PASS">
          <reporter-output>
          </reporter-output>
        </test-method> <!-- Login -->
        <test-method signature="Inventorylocation()[pri:2, instance:inventory.InventoryLocationsTest@58594a11]" started-at="2020-10-09T18:46:37 IST" name="Inventorylocation" finished-at="2020-10-09T18:46:45 IST" duration-ms="8451" status="PASS">
          <reporter-output>
          </reporter-output>
        </test-method> <!-- Inventorylocation -->
        <test-method signature="Logout()[pri:3, instance:inventory.InventoryLocationsTest@58594a11]" started-at="2020-10-09T18:46:45 IST" name="Logout" finished-at="2020-10-09T18:46:45 IST" duration-ms="517" status="PASS">
          <reporter-output>
          </reporter-output>
        </test-method> <!-- Logout -->
        <test-method is-config="true" signature="closure()[pri:0, instance:inventory.InventoryLocationsTest@58594a11]" started-at="2020-10-09T18:46:45 IST" name="closure" finished-at="2020-10-09T18:46:45 IST" duration-ms="85" status="PASS">
          <reporter-output>
          </reporter-output>
        </test-method> <!-- closure -->
      </class> <!-- inventory.InventoryLocationsTest -->
      <class name="salespack.SalespersonTest">
        <test-method is-config="true" signature="Launchapplication()[pri:0, instance:salespack.SalespersonTest@6e15fe2]" started-at="2020-10-09T18:46:17 IST" name="Launchapplication" finished-at="2020-10-09T18:46:25 IST" duration-ms="8080" status="PASS">
          <reporter-output>
          </reporter-output>
        </test-method> <!-- Launchapplication -->
        <test-method signature="Login()[pri:1, instance:salespack.SalespersonTest@6e15fe2]" started-at="2020-10-09T18:46:25 IST" name="Login" finished-at="2020-10-09T18:46:27 IST" duration-ms="2299" status="PASS">
          <reporter-output>
          </reporter-output>
        </test-method> <!-- Login -->
        <test-method signature="AddSalesPersons()[pri:2, instance:salespack.SalespersonTest@6e15fe2]" started-at="2020-10-09T18:46:27 IST" name="AddSalesPersons" finished-at="2020-10-09T18:46:35 IST" duration-ms="7696" status="PASS">
          <reporter-output>
          </reporter-output>
        </test-method> <!-- AddSalesPersons -->
        <test-method signature="Logout()[pri:3, instance:salespack.SalespersonTest@6e15fe2]" started-at="2020-10-09T18:46:40 IST" name="Logout" finished-at="2020-10-09T18:46:40 IST" duration-ms="529" status="PASS">
          <reporter-output>
          </reporter-output>
        </test-method> <!-- Logout -->
        <test-method is-config="true" signature="teardown()[pri:0, instance:salespack.SalespersonTest@6e15fe2]" started-at="2020-10-09T18:46:40 IST" name="teardown" finished-at="2020-10-09T18:46:41 IST" duration-ms="84" status="PASS">
          <reporter-output>
          </reporter-output>
        </test-method> <!-- teardown -->
      </class> <!-- salespack.SalespersonTest -->
    </test> <!-- Test -->
  </suite> <!-- Suite -->
</testng-results>
