<?xml version="1.0" encoding="UTF-8"?>
<testsuite xmlns:xsi="http://www.w3.org/2001/XMLSchema-instance" xsi:noNamespaceSchemaLocation="https://maven.apache.org/surefire/maven-surefire-plugin/xsd/surefire-test-report-3.0.xsd" version="3.0" name="TestSuite" time="49.566" tests="17" errors="0" skipped="0" failures="1">
  <properties>
[...]
</properties>
  <testcase name="Login" classname="inventory.UnitsMeasureTest" time="0.992">
    <system-err><![CDATA[SLF4J: Failed to load class "org.slf4j.impl.StaticLoggerBinder".
SLF4J: Defaulting to no-operation (NOP) logger implementation
SLF4J: See http://www.slf4j.org/codes.html#StaticLoggerBinder for further details.
SSttaarrttiinngg  CChhrroommeeDDrriivveerr  8855.0..0.4148183.38.78 7( c(dcd6677131e3ebbff9292ffaa11ccaaccc0cf01fa15a95988dfdf228800009933aaf0fc05cd57d-7r-erfesf/s/bbrraanncchh--hheeaaddss//44118833@@{{##11668899}}))  oonn  ppoorrtt  410524728
On
Olynl yl lococaall  ccoonnnneeccttiioonnss  aarree  aalllloowweedd..

PPlleeaassee  sseeee  hhttttppss::////cchhrromoemdreidvreri.vcehr.rcomhiruomm.ioumr.go/rsegc/usrecituryi-ctoyn-sciondseirations for suggestions on keeping ChromeDriver safe.
derations for suggestions on keeping ChromeDriver safe.
Starting ChromeDriver 85.0.4183.87 (cd6713ebf92fa1cacc0f1a598df280093af0c5d7-refs/branch-heads/4183@{#1689}) on port 27277
Only local connections are allowed.
Please see https://chromedriver.chromium.org/security-considerations for suggestions on keeping ChromeDriver safe.
ChromeDriver wCahsr osmteaDrrtievde r swuacsc esstarted successfully.
sfully.
Starting ChromeDriver 85.0.4183.87 (cd6713ebf92fa1cacc0f1a598df280093af0c5d7-refs/branch-heads/4183@{#1689}) on port 14657
Only local connections are allowed.
Please see https://chromedriver.chromium.org/security-considerations for suggestions on keeping ChromeDriver safe.
Starting ChromeDriver 85.0.4183.87 (cd6713ebf92fa1cacc0f1a598df280093af0c5d7-refs/branch-heads/4183@{#1689}) on port 19163
Only local connections are allowed.
Please see https://chromedriver.chromium.org/security-considerations for suggestions on keeping ChromeDriver safe.
ChromeDriver was started successfully.
ChromeDriver was started successfully.
ChromeDriver was started successfully.
Oct 09, 2020 6:46:21 PM org.openqa.selenium.remote.ProtocolHandshake createSession
INFO: Detected dialect: W3C
Oct 09, 2020 6:46:21 PM org.openqa.selenium.remote.ProtocolHandshake createSession
INFO: Detected dialect: W3C
Oct 09, 2020 6:46:22 PM org.openqa.selenium.remote.ProtocolHandshake createSession
INFO: Detected dialect: W3C
Oct 09, 2020 6:46:22 PM org.openqa.selenium.remote.ProtocolHandshake createSession
INFO: Detected dialect: W3C
Oct 09, 2020 6:46:22 PM org.openqa.selenium.remote.ProtocolHandshake createSession
INFO: Detected dialect: W3C
]]></system-err>
  </testcase>
  <testcase name="AddUnitofMeasure" classname="inventory.UnitsMeasureTest" time="2.96"/>
  <testcase name="Logout" classname="inventory.UnitsMeasureTest" time="0.532"/>
  <testcase name="Login" classname="salespack.SalespersonTest" time="1.329">
    <system-err><![CDATA[Starting ChromeDriver 85.0.4183.87 (cd6713ebf92fa1cacc0f1a598df280093af0c5d7-refs/branch-heads/4183@{#1689}) on port 13735
Only local connections are allowed.
Please see https://chromedriver.chromium.org/security-considerations for suggestions on keeping ChromeDriver safe.
ChromeDriver was started successfully.
]]></system-err>
  </testcase>
  <testcase name="AddSalesPersons" classname="salespack.SalespersonTest" time="0.143"/>
  <testcase name="Logout" classname="salespack.SalespersonTest" time="0.528"/>
  <testcase name="Login" classname="inventory.InventoryLocationsTest" time="3.27">
    <system-err><![CDATA[Oct 09, 2020 6:46:30 PM org.openqa.selenium.remote.ProtocolHandshake createSession
INFO: Detected dialect: W3C
]]></system-err>
  </testcase>
  <testcase name="Inventorylocation" classname="inventory.InventoryLocationsTest" time="0.294"/>
  <testcase name="Logout" classname="inventory.InventoryLocationsTest" time="0.18"/>
  <testcase name="Login" classname="salespack.SalesAreasTest" time="1.623"/>
  <testcase name="Logout" classname="salespack.SalesAreasTest" time="0.619"/>
  <testcase name="SalesArea" classname="salespack.SalesAreasTest" time="0.817">
    <failure message="no such element: Unable to locate element: {&quot;method&quot;:&quot;link text&quot;,&quot;selector&quot;:&quot;Sales Areas&quot;}&#10;  (Session info: chrome=85.0.4183.121)&#10;For documentation on this error, please visit: https://www.seleniumhq.org/exceptions/no_such_element.html&#10;Build info: version: &apos;3.141.59&apos;, revision: &apos;e82be7d358&apos;, time: &apos;2018-11-14T08:17:03&apos;&#10;System info: host: &apos;LAPTOP-TPUJHBBQ&apos;, ip: &apos;192.168.0.178&apos;, os.name: &apos;Windows 10&apos;, os.arch: &apos;amd64&apos;, os.version: &apos;10.0&apos;, java.version: &apos;11.0.8&apos;&#10;Driver info: org.openqa.selenium.chrome.ChromeDriver&#10;Capabilities {acceptInsecureCerts: false, browserName: chrome, browserVersion: 85.0.4183.121, chrome: {chromedriverVersion: 85.0.4183.87 (cd6713ebf92fa..., userDataDir: C:\Users\CVVIVE~1\AppData\L...}, goog:chromeOptions: {debuggerAddress: localhost:59664}, javascriptEnabled: true, networkConnectionEnabled: false, pageLoadStrategy: normal, platform: WINDOWS, platformName: WINDOWS, proxy: Proxy(), setWindowRect: true, strictFileInteractability: false, timeouts: {implicit: 0, pageLoad: 300000, script: 30000}, unhandledPromptBehavior: dismiss and notify, webauthn:virtualAuthenticators: true}&#10;Session ID: c944b8df3d891e965bc248f446c6e222&#10;*** Element info: {Using=link text, value=Sales Areas}" type="org.openqa.selenium.NoSuchElementException"><![CDATA[org.openqa.selenium.NoSuchElementException: 
no such element: Unable to locate element: {"method":"link text","selector":"Sales Areas"}
  (Session info: chrome=85.0.4183.121)
For documentation on this error, please visit: https://www.seleniumhq.org/exceptions/no_such_element.html
Build info: version: '3.141.59', revision: 'e82be7d358', time: '2018-11-14T08:17:03'
System info: host: 'LAPTOP-TPUJHBBQ', ip: '192.168.0.178', os.name: 'Windows 10', os.arch: 'amd64', os.version: '10.0', java.version: '11.0.8'
Driver info: org.openqa.selenium.chrome.ChromeDriver
Capabilities {acceptInsecureCerts: false, browserName: chrome, browserVersion: 85.0.4183.121, chrome: {chromedriverVersion: 85.0.4183.87 (cd6713ebf92fa..., userDataDir: C:\Users\CVVIVE~1\AppData\L...}, goog:chromeOptions: {debuggerAddress: localhost:59664}, javascriptEnabled: true, networkConnectionEnabled: false, pageLoadStrategy: normal, platform: WINDOWS, platformName: WINDOWS, proxy: Proxy(), setWindowRect: true, strictFileInteractability: false, timeouts: {implicit: 0, pageLoad: 300000, script: 30000}, unhandledPromptBehavior: dismiss and notify, webauthn:virtualAuthenticators: true}
Session ID: c944b8df3d891e965bc248f446c6e222
*** Element info: {Using=link text, value=Sales Areas}
	at salespack.SalesAreasTest.SalesArea(SalesAreasTest.java:44)
]]></failure>
    <system-err><![CDATA[Oct 09, 2020 6:46:46 PM org.openqa.selenium.remote.ProtocolHandshake createSession
INFO: Detected dialect: W3C
]]></system-err>
  </testcase>
  <testcase name="Login" classname="salespack.SalesTypeTest" time="0.422"/>
  <testcase name="Logout" classname="salespack.SalesTypeTest" time="3.54">
    <system-err><![CDATA[Starting ChromeDriver 85.0.4183.87 (cd6713ebf92fa1cacc0f1a598df280093af0c5d7-refs/branch-heads/4183@{#1689}) on port 48954
Only local connections are allowed.
Please see https://chromedriver.chromium.org/security-considerations for suggestions on keeping ChromeDriver safe.
ChromeDriver was started successfully.
]]></system-err>
  </testcase>
  <testcase name="Addsalestype" classname="salespack.SalesTypeTest" time="0.535"/>
  <testcase name="Login[qaplanet1, lab1, Succesful](1)" classname="fmpack.LoginTest" time="1.82"/>
  <testcase name="Login[qaplanet1, lab, failure](2)" classname="fmpack.LoginTest" time="12.485"/>
</testsuite>