<?xml version="1.0" encoding="UTF-8"?>
<testng-results ignored="0" total="17" passed="17" failed="0" skipped="0">
  <reporter-output>
  </reporter-output>
  <suite started-at="2020-10-13T17:47:01 IST" name="Suite" finished-at="2020-10-13T17:49:24 IST" duration-ms="142614">
    <groups>
    </groups>
    <test started-at="2020-10-13T17:47:01 IST" name="Test" finished-at="2020-10-13T17:49:24 IST" duration-ms="142614">
      <class name="salespack.SalesTypeTest">
        <test-method is-config="true" signature="Launchapplication()[pri:0, instance:salespack.SalesTypeTest@649bec2e]" started-at="2020-10-13T17:48:58 IST" name="Launchapplication" finished-at="2020-10-13T17:49:05 IST" duration-ms="6596" status="PASS">
          <reporter-output>
          </reporter-output>
        </test-method> <!-- Launchapplication -->
        <test-method signature="Login()[pri:1, instance:salespack.SalesTypeTest@649bec2e]" started-at="2020-10-13T17:49:05 IST" name="Login" finished-at="2020-10-13T17:49:10 IST" duration-ms="4752" status="PASS">
          <reporter-output>
          </reporter-output>
        </test-method> <!-- Login -->
        <test-method signature="Addsalestype()[pri:2, instance:salespack.SalesTypeTest@649bec2e]" started-at="2020-10-13T17:49:10 IST" name="Addsalestype" finished-at="2020-10-13T17:49:21 IST" duration-ms="10970" status="PASS">
          <reporter-output>
          </reporter-output>
        </test-method> <!-- Addsalestype -->
        <test-method signature="Logout()[pri:3, instance:salespack.SalesTypeTest@649bec2e]" started-at="2020-10-13T17:49:21 IST" name="Logout" finished-at="2020-10-13T17:49:24 IST" duration-ms="3487" status="PASS">
          <reporter-output>
          </reporter-output>
        </test-method> <!-- Logout -->
        <test-method is-config="true" signature="teardown()[pri:0, instance:salespack.SalesTypeTest@649bec2e]" started-at="2020-10-13T17:49:24 IST" name="teardown" finished-at="2020-10-13T17:49:24 IST" duration-ms="66" status="PASS">
          <reporter-output>
          </reporter-output>
        </test-method> <!-- teardown -->
      </class> <!-- salespack.SalesTypeTest -->
      <class name="inventory.UnitsMeasureTest">
        <test-method is-config="true" signature="Launchapplication()[pri:0, instance:inventory.UnitsMeasureTest@5ace1ed4]" started-at="2020-10-13T17:47:31 IST" name="Launchapplication" finished-at="2020-10-13T17:47:38 IST" duration-ms="6150" status="PASS">
          <reporter-output>
          </reporter-output>
        </test-method> <!-- Launchapplication -->
        <test-method signature="Login()[pri:1, instance:inventory.UnitsMeasureTest@5ace1ed4]" started-at="2020-10-13T17:47:38 IST" name="Login" finished-at="2020-10-13T17:47:40 IST" duration-ms="2086" status="PASS">
          <reporter-output>
          </reporter-output>
        </test-method> <!-- Login -->
        <test-method signature="AddUnitofMeasure()[pri:2, instance:inventory.UnitsMeasureTest@5ace1ed4]" started-at="2020-10-13T17:47:40 IST" name="AddUnitofMeasure" finished-at="2020-10-13T17:47:46 IST" duration-ms="5818" status="PASS">
          <reporter-output>
          </reporter-output>
        </test-method> <!-- AddUnitofMeasure -->
        <test-method signature="Logout()[pri:3, instance:inventory.UnitsMeasureTest@5ace1ed4]" started-at="2020-10-13T17:47:46 IST" name="Logout" finished-at="2020-10-13T17:47:46 IST" duration-ms="543" status="PASS">
          <reporter-output>
          </reporter-output>
        </test-method> <!-- Logout -->
        <test-method is-config="true" signature="closure()[pri:0, instance:inventory.UnitsMeasureTest@5ace1ed4]" started-at="2020-10-13T17:47:46 IST" name="closure" finished-at="2020-10-13T17:47:46 IST" duration-ms="109" status="PASS">
          <reporter-output>
          </reporter-output>
        </test-method> <!-- closure -->
      </class> <!-- inventory.UnitsMeasureTest -->
      <class name="fmpack.LoginTest">
        <test-method is-config="true" signature="Launchapplication()[pri:0, instance:fmpack.LoginTest@1613674b]" started-at="2020-10-13T17:47:46 IST" name="Launchapplication" finished-at="2020-10-13T17:47:55 IST" duration-ms="9124" status="PASS">
          <reporter-output>
          </reporter-output>
        </test-method> <!-- Launchapplication -->
        <test-method signature="Login(java.lang.String, java.lang.String, java.lang.String)[pri:0, instance:fmpack.LoginTest@1613674b]" started-at="2020-10-13T17:47:55 IST" name="Login" data-provider="logindata" finished-at="2020-10-13T17:47:59 IST" duration-ms="3836" status="PASS">
          <params>
            <param index="0">
              <value>
                <![CDATA[qaplanet1]]>
              </value>
            </param>
            <param index="1">
              <value>
                <![CDATA[lab1]]>
              </value>
            </param>
            <param index="2">
              <value>
                <![CDATA[Succesful]]>
              </value>
            </param>
          </params>
          <reporter-output>
          </reporter-output>
        </test-method> <!-- Login -->
        <test-method is-config="true" signature="teardown()[pri:0, instance:fmpack.LoginTest@1613674b]" started-at="2020-10-13T17:47:59 IST" name="teardown" finished-at="2020-10-13T17:47:59 IST" duration-ms="67" status="PASS">
          <reporter-output>
          </reporter-output>
        </test-method> <!-- teardown -->
        <test-method is-config="true" signature="Launchapplication()[pri:0, instance:fmpack.LoginTest@1613674b]" started-at="2020-10-13T17:47:59 IST" name="Launchapplication" finished-at="2020-10-13T17:48:08 IST" duration-ms="9265" status="PASS">
          <reporter-output>
          </reporter-output>
        </test-method> <!-- Launchapplication -->
        <test-method signature="Login(java.lang.String, java.lang.String, java.lang.String)[pri:0, instance:fmpack.LoginTest@1613674b]" started-at="2020-10-13T17:48:08 IST" name="Login" data-provider="logindata" finished-at="2020-10-13T17:48:21 IST" duration-ms="12843" status="PASS">
          <params>
            <param index="0">
              <value>
                <![CDATA[qaplanet1]]>
              </value>
            </param>
            <param index="1">
              <value>
                <![CDATA[lab]]>
              </value>
            </param>
            <param index="2">
              <value>
                <![CDATA[failure]]>
              </value>
            </param>
          </params>
          <reporter-output>
          </reporter-output>
        </test-method> <!-- Login -->
        <test-method is-config="true" signature="teardown()[pri:0, instance:fmpack.LoginTest@1613674b]" started-at="2020-10-13T17:48:21 IST" name="teardown" finished-at="2020-10-13T17:48:21 IST" duration-ms="140" status="PASS">
          <reporter-output>
          </reporter-output>
        </test-method> <!-- teardown -->
      </class> <!-- fmpack.LoginTest -->
      <class name="salespack.SalesAreasTest">
        <test-method is-config="true" signature="Launchapplication()[pri:0, instance:salespack.SalesAreasTest@27ff5d15]" started-at="2020-10-13T17:48:21 IST" name="Launchapplication" finished-at="2020-10-13T17:48:28 IST" duration-ms="6542" status="PASS">
          <reporter-output>
          </reporter-output>
        </test-method> <!-- Launchapplication -->
        <test-method signature="Login()[pri:1, instance:salespack.SalesAreasTest@27ff5d15]" started-at="2020-10-13T17:48:28 IST" name="Login" finished-at="2020-10-13T17:48:33 IST" duration-ms="4784" status="PASS">
          <reporter-output>
          </reporter-output>
        </test-method> <!-- Login -->
        <test-method signature="SalesArea()[pri:2, instance:salespack.SalesAreasTest@27ff5d15]" started-at="2020-10-13T17:48:33 IST" name="SalesArea" finished-at="2020-10-13T17:48:42 IST" duration-ms="9102" status="PASS">
          <reporter-output>
          </reporter-output>
        </test-method> <!-- SalesArea -->
        <test-method signature="Logout()[pri:3, instance:salespack.SalesAreasTest@27ff5d15]" started-at="2020-10-13T17:48:42 IST" name="Logout" finished-at="2020-10-13T17:48:43 IST" duration-ms="642" status="PASS">
          <reporter-output>
          </reporter-output>
        </test-method> <!-- Logout -->
        <test-method is-config="true" signature="closure()[pri:0, instance:salespack.SalesAreasTest@27ff5d15]" started-at="2020-10-13T17:48:43 IST" name="closure" finished-at="2020-10-13T17:48:43 IST" duration-ms="140" status="PASS">
          <reporter-output>
          </reporter-output>
        </test-method> <!-- closure -->
      </class> <!-- salespack.SalesAreasTest -->
      <class name="inventory.InventoryLocationsTest">
        <test-method is-config="true" signature="Launchapplication()[pri:0, instance:inventory.InventoryLocationsTest@6631f5ca]" started-at="2020-10-13T17:47:01 IST" name="Launchapplication" finished-at="2020-10-13T17:47:18 IST" duration-ms="16411" status="PASS">
          <reporter-output>
          </reporter-output>
        </test-method> <!-- Launchapplication -->
        <test-method signature="Login()[pri:1, instance:inventory.InventoryLocationsTest@6631f5ca]" started-at="2020-10-13T17:47:18 IST" name="Login" finished-at="2020-10-13T17:47:22 IST" duration-ms="3688" status="PASS">
          <reporter-output>
          </reporter-output>
        </test-method> <!-- Login -->
        <test-method signature="Inventorylocation()[pri:2, instance:inventory.InventoryLocationsTest@6631f5ca]" started-at="2020-10-13T17:47:22 IST" name="Inventorylocation" finished-at="2020-10-13T17:47:31 IST" duration-ms="8918" status="PASS">
          <reporter-output>
          </reporter-output>
        </test-method> <!-- Inventorylocation -->
        <test-method signature="Logout()[pri:3, instance:inventory.InventoryLocationsTest@6631f5ca]" started-at="2020-10-13T17:47:31 IST" name="Logout" finished-at="2020-10-13T17:47:31 IST" duration-ms="737" status="PASS">
          <reporter-output>
          </reporter-output>
        </test-method> <!-- Logout -->
        <test-method is-config="true" signature="closure()[pri:0, instance:inventory.InventoryLocationsTest@6631f5ca]" started-at="2020-10-13T17:47:31 IST" name="closure" finished-at="2020-10-13T17:47:31 IST" duration-ms="177" status="PASS">
          <reporter-output>
          </reporter-output>
        </test-method> <!-- closure -->
      </class> <!-- inventory.InventoryLocationsTest -->
      <class name="salespack.SalespersonTest">
        <test-method is-config="true" signature="Launchapplication()[pri:0, instance:salespack.SalespersonTest@4e096385]" started-at="2020-10-13T17:48:43 IST" name="Launchapplication" finished-at="2020-10-13T17:48:49 IST" duration-ms="6253" status="PASS">
          <reporter-output>
          </reporter-output>
        </test-method> <!-- Launchapplication -->
        <test-method signature="Login()[pri:1, instance:salespack.SalespersonTest@4e096385]" started-at="2020-10-13T17:48:49 IST" name="Login" finished-at="2020-10-13T17:48:51 IST" duration-ms="1575" status="PASS">
          <reporter-output>
          </reporter-output>
        </test-method> <!-- Login -->
        <test-method signature="AddSalesPersons()[pri:2, instance:salespack.SalespersonTest@4e096385]" started-at="2020-10-13T17:48:51 IST" name="AddSalesPersons" finished-at="2020-10-13T17:48:58 IST" duration-ms="7240" status="PASS">
          <reporter-output>
          </reporter-output>
        </test-method> <!-- AddSalesPersons -->
        <test-method signature="Logout()[pri:3, instance:salespack.SalespersonTest@4e096385]" started-at="2020-10-13T17:48:58 IST" name="Logout" finished-at="2020-10-13T17:48:58 IST" duration-ms="377" status="PASS">
          <reporter-output>
          </reporter-output>
        </test-method> <!-- Logout -->
        <test-method is-config="true" signature="teardown()[pri:0, instance:salespack.SalespersonTest@4e096385]" started-at="2020-10-13T17:48:58 IST" name="teardown" finished-at="2020-10-13T17:48:58 IST" duration-ms="65" status="PASS">
          <reporter-output>
          </reporter-output>
        </test-method> <!-- teardown -->
      </class> <!-- salespack.SalespersonTest -->
    </test> <!-- Test -->
  </suite> <!-- Suite -->
</testng-results>
